running egg_info
creating ../../build/ros_pipeline/ros_pipeline.egg-info
writing ../../build/ros_pipeline/ros_pipeline.egg-info/PKG-INFO
writing dependency_links to ../../build/ros_pipeline/ros_pipeline.egg-info/dependency_links.txt
writing entry points to ../../build/ros_pipeline/ros_pipeline.egg-info/entry_points.txt
writing requirements to ../../build/ros_pipeline/ros_pipeline.egg-info/requires.txt
writing top-level names to ../../build/ros_pipeline/ros_pipeline.egg-info/top_level.txt
writing manifest file '../../build/ros_pipeline/ros_pipeline.egg-info/SOURCES.txt'
reading manifest file '../../build/ros_pipeline/ros_pipeline.egg-info/SOURCES.txt'
writing manifest file '../../build/ros_pipeline/ros_pipeline.egg-info/SOURCES.txt'
running build
running build_py
creating /home/pranavmintri/spiderbot_demo_ws/build/ros_pipeline/build
creating /home/pranavmintri/spiderbot_demo_ws/build/ros_pipeline/build/lib
creating /home/pranavmintri/spiderbot_demo_ws/build/ros_pipeline/build/lib/ros_pipeline
copying ros_pipeline/publisher_node.py -> /home/pranavmintri/spiderbot_demo_ws/build/ros_pipeline/build/lib/ros_pipeline
copying ros_pipeline/subscriber_node.py -> /home/pranavmintri/spiderbot_demo_ws/build/ros_pipeline/build/lib/ros_pipeline
copying ros_pipeline/__init__.py -> /home/pranavmintri/spiderbot_demo_ws/build/ros_pipeline/build/lib/ros_pipeline
running install
running install_lib
creating /home/pranavmintri/spiderbot_demo_ws/install/ros_pipeline/lib/python3.10/site-packages/ros_pipeline
copying /home/pranavmintri/spiderbot_demo_ws/build/ros_pipeline/build/lib/ros_pipeline/publisher_node.py -> /home/pranavmintri/spiderbot_demo_ws/install/ros_pipeline/lib/python3.10/site-packages/ros_pipeline
copying /home/pranavmintri/spiderbot_demo_ws/build/ros_pipeline/build/lib/ros_pipeline/subscriber_node.py -> /home/pranavmintri/spiderbot_demo_ws/install/ros_pipeline/lib/python3.10/site-packages/ros_pipeline
copying /home/pranavmintri/spiderbot_demo_ws/build/ros_pipeline/build/lib/ros_pipeline/__init__.py -> /home/pranavmintri/spiderbot_demo_ws/install/ros_pipeline/lib/python3.10/site-packages/ros_pipeline
byte-compiling /home/pranavmintri/spiderbot_demo_ws/install/ros_pipeline/lib/python3.10/site-packages/ros_pipeline/publisher_node.py to publisher_node.cpython-310.pyc
byte-compiling /home/pranavmintri/spiderbot_demo_ws/install/ros_pipeline/lib/python3.10/site-packages/ros_pipeline/subscriber_node.py to subscriber_node.cpython-310.pyc
byte-compiling /home/pranavmintri/spiderbot_demo_ws/install/ros_pipeline/lib/python3.10/site-packages/ros_pipeline/__init__.py to __init__.cpython-310.pyc
running install_data
creating /home/pranavmintri/spiderbot_demo_ws/install/ros_pipeline/share/ament_index
creating /home/pranavmintri/spiderbot_demo_ws/install/ros_pipeline/share/ament_index/resource_index
creating /home/pranavmintri/spiderbot_demo_ws/install/ros_pipeline/share/ament_index/resource_index/packages
copying resource/ros_pipeline -> /home/pranavmintri/spiderbot_demo_ws/install/ros_pipeline/share/ament_index/resource_index/packages
copying package.xml -> /home/pranavmintri/spiderbot_demo_ws/install/ros_pipeline/share/ros_pipeline
running install_egg_info
Copying ../../build/ros_pipeline/ros_pipeline.egg-info to /home/pranavmintri/spiderbot_demo_ws/install/ros_pipeline/lib/python3.10/site-packages/ros_pipeline-0.0.0-py3.10.egg-info
running install_scripts
Installing publisher_node script to /home/pranavmintri/spiderbot_demo_ws/install/ros_pipeline/lib/ros_pipeline
Installing subscriber_node script to /home/pranavmintri/spiderbot_demo_ws/install/ros_pipeline/lib/ros_pipeline
writing list of installed files to '/home/pranavmintri/spiderbot_demo_ws/build/ros_pipeline/install.log'
