[0.560s] Invoking command in '/home/pranavmintri/spiderbot_demo_ws/src/ros_pipeline': PYTHONPATH=/home/pranavmintri/spiderbot_demo_ws/build/ros_pipeline/prefix_override:/usr/lib/python3/dist-packages/colcon_core/task/python/colcon_distutils_commands:/home/pranavmintri/spiderbot_demo_ws/install/ros_pipeline/lib/python3.10/site-packages:${PYTHONPATH} /usr/bin/python3 -W ignore:setup.py install is deprecated -W ignore:easy_install command is deprecated setup.py egg_info --egg-base ../../build/ros_pipeline build --build-base /home/pranavmintri/spiderbot_demo_ws/build/ros_pipeline/build install --record /home/pranavmintri/spiderbot_demo_ws/build/ros_pipeline/install.log --single-version-externally-managed install_data
[0.742s] running egg_info
[0.742s] creating ../../build/ros_pipeline/ros_pipeline.egg-info
[0.742s] writing ../../build/ros_pipeline/ros_pipeline.egg-info/PKG-INFO
[0.742s] writing dependency_links to ../../build/ros_pipeline/ros_pipeline.egg-info/dependency_links.txt
[0.742s] writing entry points to ../../build/ros_pipeline/ros_pipeline.egg-info/entry_points.txt
[0.742s] writing requirements to ../../build/ros_pipeline/ros_pipeline.egg-info/requires.txt
[0.743s] writing top-level names to ../../build/ros_pipeline/ros_pipeline.egg-info/top_level.txt
[0.743s] writing manifest file '../../build/ros_pipeline/ros_pipeline.egg-info/SOURCES.txt'
[0.743s] reading manifest file '../../build/ros_pipeline/ros_pipeline.egg-info/SOURCES.txt'
[0.743s] writing manifest file '../../build/ros_pipeline/ros_pipeline.egg-info/SOURCES.txt'
[0.743s] running build
[0.743s] running build_py
[0.743s] creating /home/pranavmintri/spiderbot_demo_ws/build/ros_pipeline/build
[0.743s] creating /home/pranavmintri/spiderbot_demo_ws/build/ros_pipeline/build/lib
[0.743s] creating /home/pranavmintri/spiderbot_demo_ws/build/ros_pipeline/build/lib/ros_pipeline
[0.743s] copying ros_pipeline/publisher_node.py -> /home/pranavmintri/spiderbot_demo_ws/build/ros_pipeline/build/lib/ros_pipeline
[0.743s] copying ros_pipeline/subscriber_node.py -> /home/pranavmintri/spiderbot_demo_ws/build/ros_pipeline/build/lib/ros_pipeline
[0.743s] copying ros_pipeline/__init__.py -> /home/pranavmintri/spiderbot_demo_ws/build/ros_pipeline/build/lib/ros_pipeline
[0.743s] running install
[0.743s] running install_lib
[0.744s] creating /home/pranavmintri/spiderbot_demo_ws/install/ros_pipeline/lib/python3.10/site-packages/ros_pipeline
[0.744s] copying /home/pranavmintri/spiderbot_demo_ws/build/ros_pipeline/build/lib/ros_pipeline/publisher_node.py -> /home/pranavmintri/spiderbot_demo_ws/install/ros_pipeline/lib/python3.10/site-packages/ros_pipeline
[0.744s] copying /home/pranavmintri/spiderbot_demo_ws/build/ros_pipeline/build/lib/ros_pipeline/subscriber_node.py -> /home/pranavmintri/spiderbot_demo_ws/install/ros_pipeline/lib/python3.10/site-packages/ros_pipeline
[0.744s] copying /home/pranavmintri/spiderbot_demo_ws/build/ros_pipeline/build/lib/ros_pipeline/__init__.py -> /home/pranavmintri/spiderbot_demo_ws/install/ros_pipeline/lib/python3.10/site-packages/ros_pipeline
[0.745s] byte-compiling /home/pranavmintri/spiderbot_demo_ws/install/ros_pipeline/lib/python3.10/site-packages/ros_pipeline/publisher_node.py to publisher_node.cpython-310.pyc
[0.745s] byte-compiling /home/pranavmintri/spiderbot_demo_ws/install/ros_pipeline/lib/python3.10/site-packages/ros_pipeline/subscriber_node.py to subscriber_node.cpython-310.pyc
[0.745s] byte-compiling /home/pranavmintri/spiderbot_demo_ws/install/ros_pipeline/lib/python3.10/site-packages/ros_pipeline/__init__.py to __init__.cpython-310.pyc
[0.745s] running install_data
[0.745s] creating /home/pranavmintri/spiderbot_demo_ws/install/ros_pipeline/share/ament_index
[0.745s] creating /home/pranavmintri/spiderbot_demo_ws/install/ros_pipeline/share/ament_index/resource_index
[0.745s] creating /home/pranavmintri/spiderbot_demo_ws/install/ros_pipeline/share/ament_index/resource_index/packages
[0.745s] copying resource/ros_pipeline -> /home/pranavmintri/spiderbot_demo_ws/install/ros_pipeline/share/ament_index/resource_index/packages
[0.745s] copying package.xml -> /home/pranavmintri/spiderbot_demo_ws/install/ros_pipeline/share/ros_pipeline
[0.745s] running install_egg_info
[0.747s] Copying ../../build/ros_pipeline/ros_pipeline.egg-info to /home/pranavmintri/spiderbot_demo_ws/install/ros_pipeline/lib/python3.10/site-packages/ros_pipeline-0.0.0-py3.10.egg-info
[0.747s] running install_scripts
[0.762s] Installing publisher_node script to /home/pranavmintri/spiderbot_demo_ws/install/ros_pipeline/lib/ros_pipeline
[0.762s] Installing subscriber_node script to /home/pranavmintri/spiderbot_demo_ws/install/ros_pipeline/lib/ros_pipeline
[0.762s] writing list of installed files to '/home/pranavmintri/spiderbot_demo_ws/build/ros_pipeline/install.log'
[0.774s] Invoked command in '/home/pranavmintri/spiderbot_demo_ws/src/ros_pipeline' returned '0': PYTHONPATH=/home/pranavmintri/spiderbot_demo_ws/build/ros_pipeline/prefix_override:/usr/lib/python3/dist-packages/colcon_core/task/python/colcon_distutils_commands:/home/pranavmintri/spiderbot_demo_ws/install/ros_pipeline/lib/python3.10/site-packages:${PYTHONPATH} /usr/bin/python3 -W ignore:setup.py install is deprecated -W ignore:easy_install command is deprecated setup.py egg_info --egg-base ../../build/ros_pipeline build --build-base /home/pranavmintri/spiderbot_demo_ws/build/ros_pipeline/build install --record /home/pranavmintri/spiderbot_demo_ws/build/ros_pipeline/install.log --single-version-externally-managed install_data
